<?xml version="1.0" encoding="UTF-8"?>
<!-- Generated by org.testng.reporters.JUnitReportReporter -->
<testsuite hostname="DESKTOP-VHFI0LE" failures="0" tests="4" name="api.test.UserTests" time="7.943" errors="0" timestamp="2025-03-14T23:41:28 IST" skipped="0">
  <testcase classname="api.test.UserTests" name="testPostUser" time="3.165"/>
  <testcase classname="api.test.UserTests" name="testGetUserByName" time="1.189"/>
  <testcase classname="api.test.UserTests" name="updateUserByName" time="2.367"/>
  <testcase classname="api.test.UserTests" name="deleteUserByName" time="1.222"/>
</testsuite> <!-- api.test.UserTests -->
